# JRE version: OpenJDK Runtime Environment Corretto-17.0.17.10.1 (17.0.17+10) (build 17.0.17+10-LTS)
# Java VM: OpenJDK 64-Bit Server VM Corretto-17.0.17.10.1 (17.0.17+10-LTS, mixed mode, sharing, tiered, compressed oops, compressed class ptrs, g1 gc, windows-amd64)
GC Precious Log:
 CPUs: 12 total, 12 available
 Memory: 8021M
 Large Page Support: Disabled
 NUMA Support: Disabled
 Compressed Oops: Enabled (32-bit)
 Heap Region Size: 1M
 Heap Min Capacity: 8M
 Heap Initial Capacity: 126M
 Heap Max Capacity: 2006M
 Pre-touch: Disabled
 Parallel Workers: 10
 Concurrent Workers: 3
 Concurrent Refinement Workers: 10
 Periodic GC: Disabled
Heap:
 garbage-first heap   total 119808K, used 55145K [0x0000000082a00000, 0x0000000100000000)
  region size 1024K, 6 young (6144K), 1 survivors (1024K)
 Metaspace       used 97390K, committed 98176K, reserved 1179648K
  class space    used 13058K, committed 13504K, reserved 1048576K
GC Heap History (20 events):
Event: 2363.609 GC heap before
{Heap before GC invocations=72 (full 0):
 garbage-first heap   total 119808K, used 105427K [0x0000000082a00000, 0x0000000100000000)
  region size 1024K, 53 young (54272K), 1 survivors (1024K)
 Metaspace       used 95764K, committed 96960K, reserved 1179648K
  class space    used 13027K, committed 13504K, reserved 1048576K
}
Event: 2363.614 GC heap after
{Heap after GC invocations=73 (full 0):
 garbage-first heap   total 119808K, used 52228K [0x0000000082a00000, 0x0000000100000000)
  region size 1024K, 1 young (1024K), 1 survivors (1024K)
 Metaspace       used 95764K, committed 96960K, reserved 1179648K
  class space    used 13027K, committed 13504K, reserved 1048576K
}
Event: 2494.671 GC heap before
{Heap before GC invocations=74 (full 0):
 garbage-first heap   total 119808K, used 105476K [0x0000000082a00000, 0x0000000100000000)
  region size 1024K, 53 young (54272K), 1 survivors (1024K)
 Metaspace       used 95742K, committed 96960K, reserved 1179648K
  class space    used 13022K, committed 13504K, reserved 1048576K
}
Event: 2494.672 GC heap after
{Heap after GC invocations=75 (full 0):
 garbage-first heap   total 119808K, used 52203K [0x0000000082a00000, 0x0000000100000000)
  region size 1024K, 1 young (1024K), 1 survivors (1024K)
 Metaspace       used 95742K, committed 96960K, reserved 1179648K
  class space    used 13022K, committed 13504K, reserved 1048576K
}
Event: 2505.075 GC heap before
{Heap before GC invocations=75 (full 0):
 garbage-first heap   total 119808K, used 56299K [0x0000000082a00000, 0x0000000100000000)
  region size 1024K, 5 young (5120K), 1 survivors (1024K)
 Metaspace       used 95742K, committed 96960K, reserved 1179648K
  class space    used 13022K, committed 13504K, reserved 1048576K
}
Event: 2505.085 GC heap after
{Heap after GC invocations=76 (full 0):
 garbage-first heap   total 119808K, used 51304K [0x0000000082a00000, 0x0000000100000000)
  region size 1024K, 1 young (1024K), 1 survivors (1024K)
 Metaspace       used 95742K, committed 96960K, reserved 1179648K
  class space    used 13022K, committed 13504K, reserved 1048576K
}
Event: 2638.705 GC heap before
{Heap before GC invocations=76 (full 0):
 garbage-first heap   total 119808K, used 105576K [0x0000000082a00000, 0x0000000100000000)
  region size 1024K, 54 young (55296K), 1 survivors (1024K)
 Metaspace       used 95778K, committed 96960K, reserved 1179648K
  class space    used 13022K, committed 13504K, reserved 1048576K
}
Event: 2638.708 GC heap after
{Heap after GC invocations=77 (full 0):
 garbage-first heap   total 119808K, used 51309K [0x0000000082a00000, 0x0000000100000000)
  region size 1024K, 1 young (1024K), 1 survivors (1024K)
 Metaspace       used 95778K, committed 96960K, reserved 1179648K
  class space    used 13022K, committed 13504K, reserved 1048576K
}
Event: 2758.997 GC heap before
{Heap before GC invocations=78 (full 0):
 garbage-first heap   total 119808K, used 105581K [0x0000000082a00000, 0x0000000100000000)
  region size 1024K, 54 young (55296K), 1 survivors (1024K)
 Metaspace       used 96272K, committed 97088K, reserved 1179648K
  class space    used 13023K, committed 13504K, reserved 1048576K
}
Event: 2759.006 GC heap after
{Heap after GC invocations=79 (full 0):
 garbage-first heap   total 119808K, used 51320K [0x0000000082a00000, 0x0000000100000000)
  region size 1024K, 1 young (1024K), 1 survivors (1024K)
 Metaspace       used 96272K, committed 97088K, reserved 1179648K
  class space    used 13023K, committed 13504K, reserved 1048576K
}
Event: 2768.557 GC heap before
{Heap before GC invocations=79 (full 0):
 garbage-first heap   total 119808K, used 55416K [0x0000000082a00000, 0x0000000100000000)
  region size 1024K, 5 young (5120K), 1 survivors (1024K)
 Metaspace       used 96272K, committed 97088K, reserved 1179648K
  class space    used 13023K, committed 13504K, reserved 1048576K
}
Event: 2768.576 GC heap after
{Heap after GC invocations=80 (full 0):
 garbage-first heap   total 119808K, used 50612K [0x0000000082a00000, 0x0000000100000000)
  region size 1024K, 1 young (1024K), 1 survivors (1024K)
 Metaspace       used 96272K, committed 97088K, reserved 1179648K
  class space    used 13023K, committed 13504K, reserved 1048576K
}
Event: 2904.245 GC heap before
{Heap before GC invocations=80 (full 0):
 garbage-first heap   total 119808K, used 105908K [0x0000000082a00000, 0x0000000100000000)
  region size 1024K, 55 young (56320K), 1 survivors (1024K)
 Metaspace       used 96277K, committed 97088K, reserved 1179648K
  class space    used 13023K, committed 13504K, reserved 1048576K
}
Event: 2904.251 GC heap after
{Heap after GC invocations=81 (full 0):
 garbage-first heap   total 119808K, used 50603K [0x0000000082a00000, 0x0000000100000000)
  region size 1024K, 1 young (1024K), 1 survivors (1024K)
 Metaspace       used 96277K, committed 97088K, reserved 1179648K
  class space    used 13023K, committed 13504K, reserved 1048576K
}
Event: 3035.754 GC heap before
{Heap before GC invocations=82 (full 0):
 garbage-first heap   total 119808K, used 104875K [0x0000000082a00000, 0x0000000100000000)
  region size 1024K, 54 young (55296K), 1 survivors (1024K)
 Metaspace       used 96282K, committed 97088K, reserved 1179648K
  class space    used 13023K, committed 13504K, reserved 1048576K
}
Event: 3035.756 GC heap after
{Heap after GC invocations=83 (full 0):
 garbage-first heap   total 119808K, used 50837K [0x0000000082a00000, 0x0000000100000000)
  region size 1024K, 1 young (1024K), 1 survivors (1024K)
 Metaspace       used 96282K, committed 97088K, reserved 1179648K
  class space    used 13023K, committed 13504K, reserved 1048576K
}
Event: 3045.463 GC heap before
{Heap before GC invocations=83 (full 0):
 garbage-first heap   total 119808K, used 54933K [0x0000000082a00000, 0x0000000100000000)
  region size 1024K, 5 young (5120K), 1 survivors (1024K)
 Metaspace       used 96282K, committed 97088K, reserved 1179648K
  class space    used 13023K, committed 13504K, reserved 1048576K
}
Event: 3045.472 GC heap after
{Heap after GC invocations=84 (full 0):
 garbage-first heap   total 119808K, used 50543K [0x0000000082a00000, 0x0000000100000000)
  region size 1024K, 1 young (1024K), 1 survivors (1024K)
 Metaspace       used 96282K, committed 97088K, reserved 1179648K
  class space    used 13023K, committed 13504K, reserved 1048576K
}
Event: 3139.478 GC heap before
{Heap before GC invocations=84 (full 0):
 garbage-first heap   total 119808K, used 104815K [0x0000000082a00000, 0x0000000100000000)
  region size 1024K, 55 young (56320K), 1 survivors (1024K)
 Metaspace       used 97335K, committed 98112K, reserved 1179648K
  class space    used 13059K, committed 13504K, reserved 1048576K
}
Event: 3139.489 GC heap after
{Heap after GC invocations=85 (full 0):
 garbage-first heap   total 119808K, used 51049K [0x0000000082a00000, 0x0000000100000000)
  region size 1024K, 1 young (1024K), 1 survivors (1024K)
 Metaspace       used 97335K, committed 98112K, reserved 1179648K
  class space    used 13059K, committed 13504K, reserved 1048576K
}

