# JRE version: OpenJDK Runtime Environment Corretto-17.0.17.10.1 (17.0.17+10) (build 17.0.17+10-LTS)
# Java VM: OpenJDK 64-Bit Server VM Corretto-17.0.17.10.1 (17.0.17+10-LTS, mixed mode, sharing, tiered, compressed oops, compressed class ptrs, g1 gc, windows-amd64)
GC Precious Log:
 CPUs: 12 total, 12 available
 Memory: 8021M
 Large Page Support: Disabled
 NUMA Support: Disabled
 Compressed Oops: Enabled (32-bit)
 Heap Region Size: 1M
 Heap Min Capacity: 8M
 Heap Initial Capacity: 126M
 Heap Max Capacity: 2006M
 Pre-touch: Disabled
 Parallel Workers: 10
 Concurrent Workers: 3
 Concurrent Refinement Workers: 10
 Periodic GC: Disabled
Heap:
 garbage-first heap   total 128000K, used 88566K [0x0000000082a00000, 0x0000000100000000)
  region size 1024K, 44 young (45056K), 0 survivors (0K)
 Metaspace       used 104630K, committed 105536K, reserved 1179648K
  class space    used 13634K, committed 14080K, reserved 1048576K
GC Heap History (20 events):
Event: 12394.482 GC heap before
{Heap before GC invocations=203 (full 0):
 garbage-first heap   total 128000K, used 112377K [0x0000000082a00000, 0x0000000100000000)
  region size 1024K, 59 young (60416K), 1 survivors (1024K)
 Metaspace       used 104005K, committed 104832K, reserved 1179648K
  class space    used 13538K, committed 13952K, reserved 1048576K
}
Event: 12394.489 GC heap after
{Heap after GC invocations=204 (full 0):
 garbage-first heap   total 128000K, used 53033K [0x0000000082a00000, 0x0000000100000000)
  region size 1024K, 1 young (1024K), 1 survivors (1024K)
 Metaspace       used 104005K, committed 104832K, reserved 1179648K
  class space    used 13538K, committed 13952K, reserved 1048576K
}
Event: 12406.519 GC heap before
{Heap before GC invocations=204 (full 0):
 garbage-first heap   total 128000K, used 58153K [0x0000000082a00000, 0x0000000100000000)
  region size 1024K, 6 young (6144K), 1 survivors (1024K)
 Metaspace       used 104016K, committed 104832K, reserved 1179648K
  class space    used 13541K, committed 13952K, reserved 1048576K
}
Event: 12406.531 GC heap after
{Heap after GC invocations=205 (full 0):
 garbage-first heap   total 128000K, used 52779K [0x0000000082a00000, 0x0000000100000000)
  region size 1024K, 1 young (1024K), 1 survivors (1024K)
 Metaspace       used 104016K, committed 104832K, reserved 1179648K
  class space    used 13541K, committed 13952K, reserved 1048576K
}
Event: 12548.559 GC heap before
{Heap before GC invocations=205 (full 0):
 garbage-first heap   total 128000K, used 112171K [0x0000000082a00000, 0x0000000100000000)
  region size 1024K, 59 young (60416K), 1 survivors (1024K)
 Metaspace       used 104016K, committed 104832K, reserved 1179648K
  class space    used 13541K, committed 13952K, reserved 1048576K
}
Event: 12548.642 GC heap after
{Heap after GC invocations=206 (full 0):
 garbage-first heap   total 128000K, used 52999K [0x0000000082a00000, 0x0000000100000000)
  region size 1024K, 1 young (1024K), 1 survivors (1024K)
 Metaspace       used 104016K, committed 104832K, reserved 1179648K
  class space    used 13541K, committed 13952K, reserved 1048576K
}
Event: 12694.700 GC heap before
{Heap before GC invocations=206 (full 0):
 garbage-first heap   total 128000K, used 112391K [0x0000000082a00000, 0x0000000100000000)
  region size 1024K, 59 young (60416K), 1 survivors (1024K)
 Metaspace       used 104020K, committed 104832K, reserved 1179648K
  class space    used 13541K, committed 13952K, reserved 1048576K
}
Event: 12694.714 GC heap after
{Heap after GC invocations=207 (full 0):
 garbage-first heap   total 128000K, used 53045K [0x0000000082a00000, 0x0000000100000000)
  region size 1024K, 1 young (1024K), 1 survivors (1024K)
 Metaspace       used 104020K, committed 104832K, reserved 1179648K
  class space    used 13541K, committed 13952K, reserved 1048576K
}
Event: 12839.176 GC heap before
{Heap before GC invocations=207 (full 0):
 garbage-first heap   total 128000K, used 112437K [0x0000000082a00000, 0x0000000100000000)
  region size 1024K, 59 young (60416K), 1 survivors (1024K)
 Metaspace       used 104021K, committed 104832K, reserved 1179648K
  class space    used 13541K, committed 13952K, reserved 1048576K
}
Event: 12840.427 GC heap after
{Heap after GC invocations=208 (full 0):
 garbage-first heap   total 128000K, used 53156K [0x0000000082a00000, 0x0000000100000000)
  region size 1024K, 1 young (1024K), 1 survivors (1024K)
 Metaspace       used 104021K, committed 104832K, reserved 1179648K
  class space    used 13541K, committed 13952K, reserved 1048576K
}
Event: 12987.290 GC heap before
{Heap before GC invocations=209 (full 0):
 garbage-first heap   total 128000K, used 112548K [0x0000000082a00000, 0x0000000100000000)
  region size 1024K, 59 young (60416K), 1 survivors (1024K)
 Metaspace       used 104021K, committed 104832K, reserved 1179648K
  class space    used 13541K, committed 13952K, reserved 1048576K
}
Event: 12987.329 GC heap after
{Heap after GC invocations=210 (full 0):
 garbage-first heap   total 128000K, used 53176K [0x0000000082a00000, 0x0000000100000000)
  region size 1024K, 1 young (1024K), 1 survivors (1024K)
 Metaspace       used 104021K, committed 104832K, reserved 1179648K
  class space    used 13541K, committed 13952K, reserved 1048576K
}
Event: 12999.791 GC heap before
{Heap before GC invocations=210 (full 0):
 garbage-first heap   total 128000K, used 58296K [0x0000000082a00000, 0x0000000100000000)
  region size 1024K, 6 young (6144K), 1 survivors (1024K)
 Metaspace       used 104021K, committed 104832K, reserved 1179648K
  class space    used 13541K, committed 13952K, reserved 1048576K
}
Event: 13003.109 GC heap after
{Heap after GC invocations=211 (full 0):
 garbage-first heap   total 128000K, used 52917K [0x0000000082a00000, 0x0000000100000000)
  region size 1024K, 1 young (1024K), 1 survivors (1024K)
 Metaspace       used 104021K, committed 104832K, reserved 1179648K
  class space    used 13541K, committed 13952K, reserved 1048576K
}
Event: 13148.233 GC heap before
{Heap before GC invocations=211 (full 0):
 garbage-first heap   total 128000K, used 112309K [0x0000000082a00000, 0x0000000100000000)
  region size 1024K, 59 young (60416K), 1 survivors (1024K)
 Metaspace       used 104021K, committed 104832K, reserved 1179648K
  class space    used 13541K, committed 13952K, reserved 1048576K
}
Event: 13148.331 GC heap after
{Heap after GC invocations=212 (full 0):
 garbage-first heap   total 128000K, used 53001K [0x0000000082a00000, 0x0000000100000000)
  region size 1024K, 1 young (1024K), 1 survivors (1024K)
 Metaspace       used 104021K, committed 104832K, reserved 1179648K
  class space    used 13541K, committed 13952K, reserved 1048576K
}
Event: 13318.581 GC heap before
{Heap before GC invocations=212 (full 0):
 garbage-first heap   total 128000K, used 112393K [0x0000000082a00000, 0x0000000100000000)
  region size 1024K, 59 young (60416K), 1 survivors (1024K)
 Metaspace       used 104021K, committed 104832K, reserved 1179648K
  class space    used 13541K, committed 13952K, reserved 1048576K
}
Event: 13318.610 GC heap after
{Heap after GC invocations=213 (full 0):
 garbage-first heap   total 128000K, used 53067K [0x0000000082a00000, 0x0000000100000000)
  region size 1024K, 1 young (1024K), 1 survivors (1024K)
 Metaspace       used 104021K, committed 104832K, reserved 1179648K
  class space    used 13541K, committed 13952K, reserved 1048576K
}
Event: 13373.596 GC heap before
{Heap before GC invocations=213 (full 0):
 garbage-first heap   total 128000K, used 71499K [0x0000000082a00000, 0x0000000100000000)
  region size 1024K, 20 young (20480K), 1 survivors (1024K)
 Metaspace       used 104202K, committed 105024K, reserved 1179648K
  class space    used 13579K, committed 14016K, reserved 1048576K
}
Event: 13374.589 GC heap after
{Heap after GC invocations=214 (full 1):
 garbage-first heap   total 128000K, used 44534K [0x0000000082a00000, 0x0000000100000000)
  region size 1024K, 0 young (0K), 0 survivors (0K)
 Metaspace       used 104165K, committed 105024K, reserved 1179648K
  class space    used 13573K, committed 14016K, reserved 1048576K
}

